  AlignResultWindow.cpp
  alignWindow.cpp
  checkableAction.cpp
  FullFuncMeshViewer.cpp
  ANN.cpp
  bd_fix_rad_search.cpp
  bd_pr_search.cpp
  bd_search.cpp
  bd_tree.cpp
  brute.cpp
  kd_dump.cpp
  kd_fix_rad_search.cpp
  kd_pr_search.cpp
  kd_search.cpp
  kd_split.cpp
  kd_tree.cpp
  kd_util.cpp
  perf.cpp
  JFace.cpp
  CmdLineParser.cpp
  Compiling...
  Factor.cpp
  Geometry.cpp
  MarchingCubes.cpp
  PlyFile.cpp
  Time.cpp
  interactiveMeshViewer.cpp
  JVertex.cpp
  main.cpp
  mainwindow.cpp
  [WARNING] Assuming that the 2-ring contains all the children of interest...
  [WARNING] Assuming that the 2-ring contains all the children of interest...
  meshviewer.cpp
  PoissonRecon.cpp
  moc_FullFuncMeshViewer.cpp
  moc_MultipleMeshViewer.cpp
  SurfaceTrim.cpp
  MultipleMeshViewer.cpp
  PlyCloud.cpp
  moc_AlignResultWindow.cpp
  moc_alignWindow.cpp
  moc_checkableAction.cpp
  moc_interactiveMeshViewer.cpp
  Compiling...
  moc_mainwindow.cpp
  moc_meshviewer.cpp
  qrc_resources.cpp
  MainSoftware.vcxproj -> W:\Codes\2014SummerMSC\MainSoftware\x64\Release\MainSoftware.lib
