z:\3dscannersoftware\mainsoftware\x64\release\cmdlineparser.obj
z:\3dscannersoftware\mainsoftware\x64\release\jface.obj
z:\3dscannersoftware\mainsoftware\x64\release\perf.obj
z:\3dscannersoftware\mainsoftware\x64\release\kd_util.obj
z:\3dscannersoftware\mainsoftware\x64\release\kd_tree.obj
z:\3dscannersoftware\mainsoftware\x64\release\kd_split.obj
z:\3dscannersoftware\mainsoftware\x64\release\kd_search.obj
z:\3dscannersoftware\mainsoftware\x64\release\kd_pr_search.obj
z:\3dscannersoftware\mainsoftware\x64\release\kd_fix_rad_search.obj
z:\3dscannersoftware\mainsoftware\x64\release\kd_dump.obj
z:\3dscannersoftware\mainsoftware\x64\release\brute.obj
z:\3dscannersoftware\mainsoftware\x64\release\bd_tree.obj
z:\3dscannersoftware\mainsoftware\x64\release\bd_search.obj
z:\3dscannersoftware\mainsoftware\x64\release\bd_pr_search.obj
z:\3dscannersoftware\mainsoftware\x64\release\bd_fix_rad_search.obj
z:\3dscannersoftware\mainsoftware\x64\release\ann.obj
z:\3dscannersoftware\mainsoftware\x64\release\fullfuncmeshviewer.obj
z:\3dscannersoftware\mainsoftware\x64\release\checkableaction.obj
z:\3dscannersoftware\mainsoftware\x64\release\alignwindow.obj
z:\3dscannersoftware\mainsoftware\x64\release\alignresultwindow.obj
z:\3dscannersoftware\mainsoftware\x64\release\moc_interactivemeshviewer.obj
z:\3dscannersoftware\mainsoftware\x64\release\moc_checkableaction.obj
z:\3dscannersoftware\mainsoftware\x64\release\moc_alignwindow.obj
z:\3dscannersoftware\mainsoftware\x64\release\moc_alignresultwindow.obj
z:\3dscannersoftware\mainsoftware\x64\release\plycloud.obj
z:\3dscannersoftware\mainsoftware\x64\release\multiplemeshviewer.obj
z:\3dscannersoftware\mainsoftware\x64\release\surfacetrim.obj
z:\3dscannersoftware\mainsoftware\x64\release\moc_multiplemeshviewer.obj
z:\3dscannersoftware\mainsoftware\x64\release\moc_fullfuncmeshviewer.obj
z:\3dscannersoftware\mainsoftware\x64\release\poissonrecon.obj
z:\3dscannersoftware\mainsoftware\x64\release\meshviewer.obj
z:\3dscannersoftware\mainsoftware\x64\release\mainwindow.obj
z:\3dscannersoftware\mainsoftware\x64\release\main.obj
z:\3dscannersoftware\mainsoftware\x64\release\jvertex.obj
z:\3dscannersoftware\mainsoftware\x64\release\interactivemeshviewer.obj
z:\3dscannersoftware\mainsoftware\x64\release\time.obj
z:\3dscannersoftware\mainsoftware\x64\release\plyfile.obj
z:\3dscannersoftware\mainsoftware\x64\release\marchingcubes.obj
z:\3dscannersoftware\mainsoftware\x64\release\geometry.obj
z:\3dscannersoftware\mainsoftware\x64\release\factor.obj
z:\3dscannersoftware\mainsoftware\x64\release\moc_meshviewer.obj
z:\3dscannersoftware\mainsoftware\x64\release\moc_mainwindow.obj
z:\3dscannersoftware\mainsoftware\x64\release\holefiller.obj
z:\3dscannersoftware\mainsoftware\x64\release\holefill.obj
z:\3dscannersoftware\mainsoftware\x64\release\omformat.obj
z:\3dscannersoftware\mainsoftware\x64\release\iomanager.obj
z:\3dscannersoftware\mainsoftware\x64\release\binaryhelper.obj
z:\3dscannersoftware\mainsoftware\x64\release\stlwriter.obj
z:\3dscannersoftware\mainsoftware\x64\release\omwriter.obj
z:\3dscannersoftware\mainsoftware\x64\release\offwriter.obj
z:\3dscannersoftware\mainsoftware\x64\release\objwriter.obj
z:\3dscannersoftware\mainsoftware\x64\release\basewriter.obj
z:\3dscannersoftware\mainsoftware\x64\release\stlreader.obj
z:\3dscannersoftware\mainsoftware\x64\release\omreader.obj
z:\3dscannersoftware\mainsoftware\x64\release\offreader.obj
z:\3dscannersoftware\mainsoftware\x64\release\objreader.obj
z:\3dscannersoftware\mainsoftware\x64\release\basereader.obj
z:\3dscannersoftware\mainsoftware\x64\release\smoothert.obj
z:\3dscannersoftware\mainsoftware\x64\release\laplacesmoothert.obj
z:\3dscannersoftware\mainsoftware\x64\release\jacobilaplacesmoothert.obj
z:\3dscannersoftware\mainsoftware\x64\release\endian.obj
z:\3dscannersoftware\mainsoftware\x64\release\omstream.obj
z:\3dscannersoftware\mainsoftware\x64\release\baseproperty.obj
z:\3dscannersoftware\mainsoftware\x64\release\vc120.pdb
z:\3dscannersoftware\mainsoftware\x64\release\qrc_resources.obj
c:\users\jiang\documents\codes\3dscannersoftware\mainsoftware\x64\release\iomanager.obj
c:\users\jiang\documents\codes\3dscannersoftware\mainsoftware\x64\release\binaryhelper.obj
c:\users\jiang\documents\codes\3dscannersoftware\mainsoftware\x64\release\perf.obj
c:\users\jiang\documents\codes\3dscannersoftware\mainsoftware\x64\release\kd_util.obj
c:\users\jiang\documents\codes\3dscannersoftware\mainsoftware\x64\release\kd_tree.obj
c:\users\jiang\documents\codes\3dscannersoftware\mainsoftware\x64\release\kd_split.obj
c:\users\jiang\documents\codes\3dscannersoftware\mainsoftware\x64\release\kd_search.obj
c:\users\jiang\documents\codes\3dscannersoftware\mainsoftware\x64\release\kd_pr_search.obj
c:\users\jiang\documents\codes\3dscannersoftware\mainsoftware\x64\release\kd_fix_rad_search.obj
c:\users\jiang\documents\codes\3dscannersoftware\mainsoftware\x64\release\kd_dump.obj
c:\users\jiang\documents\codes\3dscannersoftware\mainsoftware\x64\release\brute.obj
c:\users\jiang\documents\codes\3dscannersoftware\mainsoftware\x64\release\bd_tree.obj
c:\users\jiang\documents\codes\3dscannersoftware\mainsoftware\x64\release\bd_search.obj
c:\users\jiang\documents\codes\3dscannersoftware\mainsoftware\x64\release\bd_pr_search.obj
c:\users\jiang\documents\codes\3dscannersoftware\mainsoftware\x64\release\bd_fix_rad_search.obj
c:\users\jiang\documents\codes\3dscannersoftware\mainsoftware\x64\release\ann.obj
c:\users\jiang\documents\codes\3dscannersoftware\mainsoftware\x64\release\fullfuncmeshviewer.obj
c:\users\jiang\documents\codes\3dscannersoftware\mainsoftware\x64\release\checkableaction.obj
c:\users\jiang\documents\codes\3dscannersoftware\mainsoftware\x64\release\alignwindow.obj
c:\users\jiang\documents\codes\3dscannersoftware\mainsoftware\x64\release\alignresultwindow.obj
c:\users\jiang\documents\codes\3dscannersoftware\mainsoftware\x64\release\jface.obj
c:\users\jiang\documents\codes\3dscannersoftware\mainsoftware\x64\release\holefiller.obj
c:\users\jiang\documents\codes\3dscannersoftware\mainsoftware\x64\release\holefill.obj
c:\users\jiang\documents\codes\3dscannersoftware\mainsoftware\x64\release\smoothert.obj
c:\users\jiang\documents\codes\3dscannersoftware\mainsoftware\x64\release\laplacesmoothert.obj
c:\users\jiang\documents\codes\3dscannersoftware\mainsoftware\x64\release\jacobilaplacesmoothert.obj
c:\users\jiang\documents\codes\3dscannersoftware\mainsoftware\x64\release\endian.obj
c:\users\jiang\documents\codes\3dscannersoftware\mainsoftware\x64\release\baseproperty.obj
c:\users\jiang\documents\codes\3dscannersoftware\mainsoftware\x64\release\omstream.obj
c:\users\jiang\documents\codes\3dscannersoftware\mainsoftware\x64\release\stlwriter.obj
c:\users\jiang\documents\codes\3dscannersoftware\mainsoftware\x64\release\omwriter.obj
c:\users\jiang\documents\codes\3dscannersoftware\mainsoftware\x64\release\offwriter.obj
c:\users\jiang\documents\codes\3dscannersoftware\mainsoftware\x64\release\objwriter.obj
c:\users\jiang\documents\codes\3dscannersoftware\mainsoftware\x64\release\basewriter.obj
c:\users\jiang\documents\codes\3dscannersoftware\mainsoftware\x64\release\stlreader.obj
c:\users\jiang\documents\codes\3dscannersoftware\mainsoftware\x64\release\omreader.obj
c:\users\jiang\documents\codes\3dscannersoftware\mainsoftware\x64\release\offreader.obj
c:\users\jiang\documents\codes\3dscannersoftware\mainsoftware\x64\release\objreader.obj
c:\users\jiang\documents\codes\3dscannersoftware\mainsoftware\x64\release\basereader.obj
c:\users\jiang\documents\codes\3dscannersoftware\mainsoftware\x64\release\omformat.obj
c:\users\jiang\documents\codes\3dscannersoftware\mainsoftware\x64\release\moc_checkableaction.obj
c:\users\jiang\documents\codes\3dscannersoftware\mainsoftware\x64\release\moc_alignwindow.obj
c:\users\jiang\documents\codes\3dscannersoftware\mainsoftware\x64\release\moc_alignresultwindow.obj
c:\users\jiang\documents\codes\3dscannersoftware\mainsoftware\x64\release\plycloud.obj
c:\users\jiang\documents\codes\3dscannersoftware\mainsoftware\x64\release\multiplemeshviewer.obj
c:\users\jiang\documents\codes\3dscannersoftware\mainsoftware\x64\release\surfacetrim.obj
c:\users\jiang\documents\codes\3dscannersoftware\mainsoftware\x64\release\moc_multiplemeshviewer.obj
c:\users\jiang\documents\codes\3dscannersoftware\mainsoftware\x64\release\moc_fullfuncmeshviewer.obj
c:\users\jiang\documents\codes\3dscannersoftware\mainsoftware\x64\release\poissonrecon.obj
c:\users\jiang\documents\codes\3dscannersoftware\mainsoftware\x64\release\meshviewer.obj
c:\users\jiang\documents\codes\3dscannersoftware\mainsoftware\x64\release\mainwindow.obj
c:\users\jiang\documents\codes\3dscannersoftware\mainsoftware\x64\release\main.obj
c:\users\jiang\documents\codes\3dscannersoftware\mainsoftware\x64\release\jvertex.obj
c:\users\jiang\documents\codes\3dscannersoftware\mainsoftware\x64\release\interactivemeshviewer.obj
c:\users\jiang\documents\codes\3dscannersoftware\mainsoftware\x64\release\time.obj
c:\users\jiang\documents\codes\3dscannersoftware\mainsoftware\x64\release\plyfile.obj
c:\users\jiang\documents\codes\3dscannersoftware\mainsoftware\x64\release\marchingcubes.obj
c:\users\jiang\documents\codes\3dscannersoftware\mainsoftware\x64\release\geometry.obj
c:\users\jiang\documents\codes\3dscannersoftware\mainsoftware\x64\release\factor.obj
c:\users\jiang\documents\codes\3dscannersoftware\mainsoftware\x64\release\cmdlineparser.obj
c:\users\jiang\documents\codes\3dscannersoftware\mainsoftware\x64\release\moc_meshviewer.obj
c:\users\jiang\documents\codes\3dscannersoftware\mainsoftware\x64\release\moc_mainwindow.obj
c:\users\jiang\documents\codes\3dscannersoftware\mainsoftware\x64\release\moc_interactivemeshviewer.obj
c:\users\jiang\documents\codes\3dscannersoftware\mainsoftware\x64\release\vc120.pdb
c:\users\jiang\documents\codes\3dscannersoftware\mainsoftware\x64\release\qrc_resources.obj
z:\3dscannersoftware\mainsoftware\generatedfiles\qrc_resources.cpp
z:\3dscannersoftware\mainsoftware\release\moc_alignwindow.cpp
z:\3dscannersoftware\mainsoftware\release\moc_checkableaction.cpp
z:\3dscannersoftware\mainsoftware\release\moc_alignresultwindow.cpp
z:\3dscannersoftware\mainsoftware\release\moc_interactivemeshviewer.cpp
z:\3dscannersoftware\mainsoftware\release\moc_multiplemeshviewer.cpp
z:\3dscannersoftware\mainsoftware\release\moc_mainwindow.cpp
z:\3dscannersoftware\mainsoftware\release\moc_meshviewer.cpp
z:\3dscannersoftware\mainsoftware\release\moc_fullfuncmeshviewer.cpp
c:\users\jiang\documents\codes\3dscannersoftware\mainsoftware\release\moc_alignwindow.cpp
c:\users\jiang\documents\codes\3dscannersoftware\mainsoftware\release\moc_checkableaction.cpp
c:\users\jiang\documents\codes\3dscannersoftware\mainsoftware\release\moc_alignresultwindow.cpp
c:\users\jiang\documents\codes\3dscannersoftware\mainsoftware\release\moc_interactivemeshviewer.cpp
c:\users\jiang\documents\codes\3dscannersoftware\mainsoftware\release\moc_multiplemeshviewer.cpp
c:\users\jiang\documents\codes\3dscannersoftware\mainsoftware\release\moc_mainwindow.cpp
c:\users\jiang\documents\codes\3dscannersoftware\mainsoftware\release\moc_meshviewer.cpp
c:\users\jiang\documents\codes\3dscannersoftware\mainsoftware\generatedfiles\qrc_resources.cpp
c:\users\jiang\documents\codes\3dscannersoftware\mainsoftware\release\moc_fullfuncmeshviewer.cpp
z:\3dscannersoftware\mainsoftware\x64\release\mainsoftware.exe
c:\users\jiang\documents\codes\3dscannersoftware\mainsoftware\x64\release\mainsoftware.exe
z:\3dscannersoftware\mainsoftware\x64\release\appicon.res
c:\users\jiang\documents\codes\3dscannersoftware\mainsoftware\x64\release\appicon.res
c:\users\jiang\documents\codes\3dscannersoftware\mainsoftware\x64\release\mainsoftware.tlog\cl.command.1.tlog
c:\users\jiang\documents\codes\3dscannersoftware\mainsoftware\x64\release\mainsoftware.tlog\cl.read.1.tlog
c:\users\jiang\documents\codes\3dscannersoftware\mainsoftware\x64\release\mainsoftware.tlog\cl.write.1.tlog
c:\users\jiang\documents\codes\3dscannersoftware\mainsoftware\x64\release\mainsoftware.tlog\custombuild.command.1.tlog
c:\users\jiang\documents\codes\3dscannersoftware\mainsoftware\x64\release\mainsoftware.tlog\custombuild.read.1.tlog
c:\users\jiang\documents\codes\3dscannersoftware\mainsoftware\x64\release\mainsoftware.tlog\custombuild.write.1.tlog
c:\users\jiang\documents\codes\3dscannersoftware\mainsoftware\x64\release\mainsoftware.tlog\lib-link-cvtres.read.1.tlog
c:\users\jiang\documents\codes\3dscannersoftware\mainsoftware\x64\release\mainsoftware.tlog\lib-link-cvtres.write.1.tlog
c:\users\jiang\documents\codes\3dscannersoftware\mainsoftware\x64\release\mainsoftware.tlog\lib.command.1.tlog
c:\users\jiang\documents\codes\3dscannersoftware\mainsoftware\x64\release\mainsoftware.tlog\link.command.1.tlog
c:\users\jiang\documents\codes\3dscannersoftware\mainsoftware\x64\release\mainsoftware.tlog\link.read.1.tlog
c:\users\jiang\documents\codes\3dscannersoftware\mainsoftware\x64\release\mainsoftware.tlog\link.write.1.tlog
c:\users\jiang\documents\codes\3dscannersoftware\mainsoftware\x64\release\mainsoftware.tlog\rc.command.1.tlog
c:\users\jiang\documents\codes\3dscannersoftware\mainsoftware\x64\release\mainsoftware.tlog\rc.read.1.tlog
c:\users\jiang\documents\codes\3dscannersoftware\mainsoftware\x64\release\mainsoftware.tlog\rc.write.1.tlog
