Build started 2014/7/18 0:22:32.
     1>Project "C:\Users\Administrator\Documents\GitHub\3DScannerSoftware\obj2plyConverter\obj2plyConverter\obj2plyConverter.vcxproj" on node 2 (Build target(s)).
     1>PrepareForBuild:
         Creating directory "C:\Users\Administrator\Documents\GitHub\3DScannerSoftware\obj2plyConverter\Debug\".
       InitializeBuildStatus:
         Creating "Debug\obj2plyConverter.unsuccessfulbuild" because "AlwaysCreate" was specified.
       ClCompile:
         C:\Program Files (x86)\Microsoft Visual Studio 11.0\VC\bin\CL.exe /c /ZI /nologo /W3 /WX- /sdl /Od /Oy- /D WIN32 /D _DEBUG /D _CONSOLE /D _UNICODE /D UNICODE /Gm /EHsc /RTC1 /MDd /GS /fp:precise /Zc:wchar_t /Zc:forScope /Yc"stdafx.h" /Fp"Debug\obj2plyConverter.pch" /Fo"Debug\\" /Fd"Debug\vc110.pdb" /Gd /TP /analyze- /errorReport:prompt stdafx.cpp
         stdafx.cpp
         C:\Program Files (x86)\Microsoft Visual Studio 11.0\VC\bin\CL.exe /c /ZI /nologo /W3 /WX- /sdl /Od /Oy- /D WIN32 /D _DEBUG /D _CONSOLE /D _UNICODE /D UNICODE /Gm /EHsc /RTC1 /MDd /GS /fp:precise /Zc:wchar_t /Zc:forScope /Yu"stdafx.h" /Fp"Debug\obj2plyConverter.pch" /Fo"Debug\\" /Fd"Debug\vc110.pdb" /Gd /TP /analyze- /errorReport:prompt obj2plyConverter.cpp
         obj2plyConverter.cpp
       Link:
         C:\Program Files (x86)\Microsoft Visual Studio 11.0\VC\bin\link.exe /ERRORREPORT:PROMPT /OUT:"C:\Users\Administrator\Documents\GitHub\3DScannerSoftware\obj2plyConverter\Debug\obj2plyConverter.exe" /INCREMENTAL /NOLOGO kernel32.lib user32.lib gdi32.lib winspool.lib comdlg32.lib advapi32.lib shell32.lib ole32.lib oleaut32.lib uuid.lib odbc32.lib odbccp32.lib /MANIFEST /MANIFESTUAC:"level='asInvoker' uiAccess='false'" /manifest:embed /DEBUG /PDB:"C:\Users\Administrator\Documents\GitHub\3DScannerSoftware\obj2plyConverter\Debug\obj2plyConverter.pdb" /SUBSYSTEM:CONSOLE /TLBID:1 /DYNAMICBASE /NXCOMPAT /IMPLIB:"C:\Users\Administrator\Documents\GitHub\3DScannerSoftware\obj2plyConverter\Debug\obj2plyConverter.lib" /MACHINE:X86 Debug\obj2plyConverter.obj
         Debug\stdafx.obj
         obj2plyConverter.vcxproj -> C:\Users\Administrator\Documents\GitHub\3DScannerSoftware\obj2plyConverter\Debug\obj2plyConverter.exe
       FinalizeBuildStatus:
         Deleting file "Debug\obj2plyConverter.unsuccessfulbuild".
         Touching "Debug\obj2plyConverter.lastbuildstate".
     1>Done Building Project "C:\Users\Administrator\Documents\GitHub\3DScannerSoftware\obj2plyConverter\obj2plyConverter\obj2plyConverter.vcxproj" (Build target(s)).

Build succeeded.

Time Elapsed 00:00:03.70
