w:\codes\2014summermsc\mainsoftware\x64\debug\vc120.pdb
w:\codes\2014summermsc\mainsoftware\x64\debug\kd_fix_rad_search.obj
w:\codes\2014summermsc\mainsoftware\x64\debug\kd_dump.obj
w:\codes\2014summermsc\mainsoftware\x64\debug\brute.obj
w:\codes\2014summermsc\mainsoftware\x64\debug\bd_tree.obj
w:\codes\2014summermsc\mainsoftware\x64\debug\bd_search.obj
w:\codes\2014summermsc\mainsoftware\x64\debug\bd_pr_search.obj
w:\codes\2014summermsc\mainsoftware\x64\debug\bd_fix_rad_search.obj
w:\codes\2014summermsc\mainsoftware\x64\debug\ann.obj
w:\codes\2014summermsc\mainsoftware\x64\debug\fullfuncmeshviewer.obj
w:\codes\2014summermsc\mainsoftware\x64\debug\moc_multiplemeshviewer.obj
w:\codes\2014summermsc\mainsoftware\x64\debug\moc_meshviewer.obj
w:\codes\2014summermsc\mainsoftware\x64\debug\moc_mainwindow.obj
w:\codes\2014summermsc\mainsoftware\x64\debug\moc_interactivemeshviewer.obj
w:\codes\2014summermsc\mainsoftware\x64\debug\moc_fullfuncmeshviewer.obj
w:\codes\2014summermsc\mainsoftware\x64\debug\moc_checkableaction.obj
w:\codes\2014summermsc\mainsoftware\x64\debug\moc_alignwindow.obj
w:\codes\2014summermsc\mainsoftware\x64\debug\moc_alignresultwindow.obj
w:\codes\2014summermsc\mainsoftware\x64\debug\checkableaction.obj
w:\codes\2014summermsc\mainsoftware\x64\debug\alignwindow.obj
w:\codes\2014summermsc\mainsoftware\x64\debug\alignresultwindow.obj
w:\codes\2014summermsc\mainsoftware\x64\debug\surfacetrim.obj
w:\codes\2014summermsc\mainsoftware\x64\debug\poissonrecon.obj
w:\codes\2014summermsc\mainsoftware\x64\debug\meshviewer.obj
w:\codes\2014summermsc\mainsoftware\x64\debug\mainwindow.obj
w:\codes\2014summermsc\mainsoftware\x64\debug\main.obj
w:\codes\2014summermsc\mainsoftware\x64\debug\jvertex.obj
w:\codes\2014summermsc\mainsoftware\x64\debug\interactivemeshviewer.obj
w:\codes\2014summermsc\mainsoftware\x64\debug\time.obj
w:\codes\2014summermsc\mainsoftware\x64\debug\plyfile.obj
w:\codes\2014summermsc\mainsoftware\x64\debug\marchingcubes.obj
w:\codes\2014summermsc\mainsoftware\x64\debug\geometry.obj
w:\codes\2014summermsc\mainsoftware\x64\debug\factor.obj
w:\codes\2014summermsc\mainsoftware\x64\debug\cmdlineparser.obj
w:\codes\2014summermsc\mainsoftware\x64\debug\jface.obj
w:\codes\2014summermsc\mainsoftware\x64\debug\perf.obj
w:\codes\2014summermsc\mainsoftware\x64\debug\kd_util.obj
w:\codes\2014summermsc\mainsoftware\x64\debug\kd_tree.obj
w:\codes\2014summermsc\mainsoftware\x64\debug\kd_split.obj
w:\codes\2014summermsc\mainsoftware\x64\debug\kd_search.obj
w:\codes\2014summermsc\mainsoftware\x64\debug\kd_pr_search.obj
w:\codes\2014summermsc\mainsoftware\x64\debug\plycloud.obj
w:\codes\2014summermsc\mainsoftware\x64\debug\multiplemeshviewer.obj
w:\codes\2014summermsc\mainsoftware\x64\debug\qrc_resources.obj
w:\codes\2014summermsc\mainsoftware\debug\moc_alignwindow.cpp
w:\codes\2014summermsc\mainsoftware\debug\moc_checkableaction.cpp
w:\codes\2014summermsc\mainsoftware\debug\moc_alignresultwindow.cpp
w:\codes\2014summermsc\mainsoftware\debug\moc_interactivemeshviewer.cpp
w:\codes\2014summermsc\mainsoftware\debug\moc_multiplemeshviewer.cpp
w:\codes\2014summermsc\mainsoftware\debug\moc_mainwindow.cpp
w:\codes\2014summermsc\mainsoftware\debug\moc_meshviewer.cpp
w:\codes\2014summermsc\mainsoftware\generatedfiles\qrc_resources.cpp
w:\codes\2014summermsc\mainsoftware\debug\moc_fullfuncmeshviewer.cpp
w:\codes\2014summermsc\mainsoftware\x64\debug\mainsoftware.exe
w:\codes\2014summermsc\mainsoftware\x64\debug\mainsoftware.pdb
w:\codes\2014summermsc\mainsoftware\x64\debug\appicon.res
w:\codes\2014summermsc\mainsoftware\x64\debug\mainsoftware.tlog\cl.command.1.tlog
w:\codes\2014summermsc\mainsoftware\x64\debug\mainsoftware.tlog\cl.read.1.tlog
w:\codes\2014summermsc\mainsoftware\x64\debug\mainsoftware.tlog\cl.write.1.tlog
w:\codes\2014summermsc\mainsoftware\x64\debug\mainsoftware.tlog\custombuild.command.1.tlog
w:\codes\2014summermsc\mainsoftware\x64\debug\mainsoftware.tlog\custombuild.read.1.tlog
w:\codes\2014summermsc\mainsoftware\x64\debug\mainsoftware.tlog\custombuild.write.1.tlog
w:\codes\2014summermsc\mainsoftware\x64\debug\mainsoftware.tlog\link.command.1.tlog
w:\codes\2014summermsc\mainsoftware\x64\debug\mainsoftware.tlog\link.read.1.tlog
w:\codes\2014summermsc\mainsoftware\x64\debug\mainsoftware.tlog\link.write.1.tlog
w:\codes\2014summermsc\mainsoftware\x64\debug\mainsoftware.tlog\rc.command.1.tlog
w:\codes\2014summermsc\mainsoftware\x64\debug\mainsoftware.tlog\rc.read.1.tlog
w:\codes\2014summermsc\mainsoftware\x64\debug\mainsoftware.tlog\rc.write.1.tlog
